version 1.0.0   2023-04-13
  1.初始版本，统一ROS驱动框架;

version 1.1.0   2023-06-12
  1.完善框架，增加获取设备信息功能;
  2.接入721，733;

version 1.1.1   2023-08-02
  1.接入720;

version 1.2.1   2023-11-17
  1.接入719;

version 1.3.1   2023-11-28
  1.接入740; 
  
version 1.4.1   2023-12-13
  1.接入719c; 

version 1.4.2   2023-12-26
  1.删除分帧模式配置项;
  2.修改点云结构体中元素(intensity)定义类型uint8->float;

version 1.5.1   2024-01-12
  1.接入750; 

version 1.6.1   2024-01-15
  1.接入718h; 

version 1.6.2   2024-02-02
  1.修复718h解析丢包问题; 

version 1.7.1   2024-02-19
  1.接入716mini; 

version 1.7.2   2024-02-28
  1.新增740IMU算法点云解析; 

version 1.8.1   2024-03-13
  1.接入720 32线点云解析; 

version 1.8.2   2024-03-26
  1.变量名命名规范;

version 1.8.4   2024-03-27
  1.不使用雷达时间时，直接使用服务器时间作为点云时间; 

version 1.8.5   2024-04-02
  1.新增socket重新创建;

version 1.8.6   2024-04-08
  1.优化IMU算法, 同步IMU坐标系与点云坐标系;

version 1.8.7   2024-04-08
  1.更新雷达时间补偿值算法策略;

version 1.8.10   2024-04-24
  1.新增716mini 0.125° 分辨率点云解析;
  2.优化雷达分辨率获取策略;

version 1.9.1   2024-05-06
  1.接入740B; 

version 1.9.2   2024-05-13
  1.新增740 B样 协议解析

version 1.9.3   2024-05-28
  1.更新750B协议解析

version 1.10.1   2024-05-30
  1.新增760协议解析
